InnoDB: using atomic writes.
2020-11-08 15:04:59 0 [Note] InnoDB: Mutexes and rw_locks use Windows interlocked functions
2020-11-08 15:04:59 0 [Note] InnoDB: Uses event mutexes
2020-11-08 15:04:59 0 [Note] InnoDB: Compressed tables use zlib 1.2.11
2020-11-08 15:04:59 0 [Note] InnoDB: Number of pools: 1
2020-11-08 15:04:59 0 [Note] InnoDB: Using SSE2 crc32 instructions
2020-11-08 15:04:59 0 [Note] InnoDB: Initializing buffer pool, total size = 16M, instances = 1, chunk size = 16M
2020-11-08 15:04:59 0 [Note] InnoDB: Completed initialization of buffer pool
2020-11-08 15:04:59 0 [Note] InnoDB: Starting crash recovery from checkpoint LSN=300288
2020-11-08 15:04:59 0 [Note] InnoDB: 128 out of 128 rollback segments are active.
2020-11-08 15:04:59 0 [Note] InnoDB: Removed temporary tablespace data file: "ibtmp1"
2020-11-08 15:04:59 0 [Note] InnoDB: Creating shared tablespace for temporary tables
2020-11-08 15:04:59 0 [Note] InnoDB: Setting file 'C:\xampp\mysql\data\ibtmp1' size to 12 MB. Physically writing the file full; Please wait ...
2020-11-08 15:04:59 0 [Note] InnoDB: File 'C:\xampp\mysql\data\ibtmp1' size is now 12 MB.
2020-11-08 15:04:59 0 [Note] InnoDB: Waiting for purge to start
2020-11-08 15:04:59 0 [Note] InnoDB: 10.4.14 started; log sequence number 300297; transaction id 171
2020-11-08 15:04:59 0 [Note] InnoDB: Loading buffer pool(s) from C:\xampp\mysql\data\ib_buffer_pool
2020-11-08 15:04:59 0 [Note] Plugin 'FEEDBACK' is disabled.
2020-11-08 15:04:59 0 [Note] Server socket created on IP: '::'.
InnoDB: using atomic writes.
2020-11-08 15:08:31 0 [Note] InnoDB: Mutexes and rw_locks use Windows interlocked functions
2020-11-08 15:08:31 0 [Note] InnoDB: Uses event mutexes
2020-11-08 15:08:31 0 [Note] InnoDB: Compressed tables use zlib 1.2.11
2020-11-08 15:08:31 0 [Note] InnoDB: Number of pools: 1
2020-11-08 15:08:31 0 [Note] InnoDB: Using SSE2 crc32 instructions
2020-11-08 15:08:31 0 [Note] InnoDB: Initializing buffer pool, total size = 16M, instances = 1, chunk size = 16M
2020-11-08 15:08:31 0 [Note] InnoDB: Completed initialization of buffer pool
2020-11-08 15:08:31 0 [Note] InnoDB: Starting crash recovery from checkpoint LSN=300722
2020-11-08 15:08:31 0 [Note] InnoDB: 128 out of 128 rollback segments are active.
2020-11-08 15:08:31 0 [Note] InnoDB: Removed temporary tablespace data file: "ibtmp1"
2020-11-08 15:08:31 0 [Note] InnoDB: Creating shared tablespace for temporary tables
2020-11-08 15:08:31 0 [Note] InnoDB: Setting file 'C:\xampp\mysql\data\ibtmp1' size to 12 MB. Physically writing the file full; Please wait ...
2020-11-08 15:08:31 0 [Note] InnoDB: File 'C:\xampp\mysql\data\ibtmp1' size is now 12 MB.
2020-11-08 15:08:31 0 [Note] InnoDB: Waiting for purge to start
2020-11-08 15:08:31 0 [Note] InnoDB: 10.4.14 started; log sequence number 300731; transaction id 195
2020-11-08 15:08:31 0 [Note] InnoDB: Loading buffer pool(s) from C:\xampp\mysql\data\ib_buffer_pool
2020-11-08 15:08:31 0 [Note] Plugin 'FEEDBACK' is disabled.
2020-11-08 15:08:31 0 [Note] Server socket created on IP: '::'.
InnoDB: using atomic writes.
2020-11-11 18:26:35 0 [Note] InnoDB: Mutexes and rw_locks use Windows interlocked functions
2020-11-11 18:26:35 0 [Note] InnoDB: Uses event mutexes
2020-11-11 18:26:35 0 [Note] InnoDB: Compressed tables use zlib 1.2.11
2020-11-11 18:26:35 0 [Note] InnoDB: Number of pools: 1
2020-11-11 18:26:35 0 [Note] InnoDB: Using SSE2 crc32 instructions
2020-11-11 18:26:35 0 [Note] InnoDB: Initializing buffer pool, total size = 16M, instances = 1, chunk size = 16M
2020-11-11 18:26:35 0 [Note] InnoDB: Completed initialization of buffer pool
2020-11-11 18:26:35 0 [Note] InnoDB: Starting crash recovery from checkpoint LSN=300740
2020-11-11 18:26:36 0 [Note] InnoDB: 128 out of 128 rollback segments are active.
2020-11-11 18:26:36 0 [Note] InnoDB: Removed temporary tablespace data file: "ibtmp1"
2020-11-11 18:26:36 0 [Note] InnoDB: Creating shared tablespace for temporary tables
2020-11-11 18:26:36 0 [Note] InnoDB: Setting file 'C:\xampp\mysql\data\ibtmp1' size to 12 MB. Physically writing the file full; Please wait ...
2020-11-11 18:26:36 0 [Note] InnoDB: File 'C:\xampp\mysql\data\ibtmp1' size is now 12 MB.
2020-11-11 18:26:36 0 [Note] InnoDB: Waiting for purge to start
2020-11-11 18:26:36 0 [Note] InnoDB: 10.4.14 started; log sequence number 300749; transaction id 195
2020-11-11 18:26:36 0 [Note] InnoDB: Loading buffer pool(s) from C:\xampp\mysql\data\ib_buffer_pool
2020-11-11 18:26:36 0 [Note] Plugin 'FEEDBACK' is disabled.
2020-11-11 18:26:36 0 [Note] InnoDB: Buffer pool(s) load completed at 201111 18:26:36
2020-11-11 18:26:36 0 [Note] Server socket created on IP: '::'.
2020-11-11 18:26:36 0 [ERROR] Can't start server: Bind on TCP/IP port. Got error: 10048: Normalmente é permitida apenas uma utilização de cada endereço de soquete (protocolo/endereço de rede/porta).

2020-11-11 18:26:36 0 [ERROR] Do you already have another mysqld server running on port: 3306 ?
2020-11-11 18:26:36 0 [ERROR] Aborting
InnoDB: using atomic writes.
2020-11-11 18:26:41 0 [Note] InnoDB: Mutexes and rw_locks use Windows interlocked functions
2020-11-11 18:26:41 0 [Note] InnoDB: Uses event mutexes
2020-11-11 18:26:41 0 [Note] InnoDB: Compressed tables use zlib 1.2.11
2020-11-11 18:26:41 0 [Note] InnoDB: Number of pools: 1
2020-11-11 18:26:41 0 [Note] InnoDB: Using SSE2 crc32 instructions
2020-11-11 18:26:41 0 [Note] InnoDB: Initializing buffer pool, total size = 16M, instances = 1, chunk size = 16M
2020-11-11 18:26:41 0 [Note] InnoDB: Completed initialization of buffer pool
2020-11-11 18:26:41 0 [Note] InnoDB: 128 out of 128 rollback segments are active.
2020-11-11 18:26:41 0 [Note] InnoDB: Creating shared tablespace for temporary tables
2020-11-11 18:26:41 0 [Note] InnoDB: Setting file 'C:\xampp\mysql\data\ibtmp1' size to 12 MB. Physically writing the file full; Please wait ...
2020-11-11 18:26:41 0 [Note] InnoDB: File 'C:\xampp\mysql\data\ibtmp1' size is now 12 MB.
2020-11-11 18:26:41 0 [Note] InnoDB: Waiting for purge to start
2020-11-11 18:26:41 0 [Note] InnoDB: 10.4.14 started; log sequence number 300758; transaction id 195
2020-11-11 18:26:41 0 [Note] InnoDB: Loading buffer pool(s) from C:\xampp\mysql\data\ib_buffer_pool
2020-11-11 18:26:41 0 [Note] Plugin 'FEEDBACK' is disabled.
2020-11-11 18:26:41 0 [Note] Server socket created on IP: '::'.
2020-11-11 18:26:41 0 [ERROR] Can't start server: Bind on TCP/IP port. Got error: 10048: Normalmente é permitida apenas uma utilização de cada endereço de soquete (protocolo/endereço de rede/porta).

2020-11-11 18:26:41 0 [ERROR] Do you already have another mysqld server running on port: 3306 ?
2020-11-11 18:26:41 0 [ERROR] Aborting
InnoDB: using atomic writes.
2020-11-11 18:27:11 0 [Note] InnoDB: Mutexes and rw_locks use Windows interlocked functions
2020-11-11 18:27:11 0 [Note] InnoDB: Uses event mutexes
2020-11-11 18:27:11 0 [Note] InnoDB: Compressed tables use zlib 1.2.11
2020-11-11 18:27:11 0 [Note] InnoDB: Number of pools: 1
2020-11-11 18:27:11 0 [Note] InnoDB: Using SSE2 crc32 instructions
2020-11-11 18:27:11 0 [Note] InnoDB: Initializing buffer pool, total size = 16M, instances = 1, chunk size = 16M
2020-11-11 18:27:11 0 [Note] InnoDB: Completed initialization of buffer pool
2020-11-11 18:27:11 0 [Note] InnoDB: 128 out of 128 rollback segments are active.
2020-11-11 18:27:11 0 [Note] InnoDB: Creating shared tablespace for temporary tables
2020-11-11 18:27:11 0 [Note] InnoDB: Setting file 'C:\xampp\mysql\data\ibtmp1' size to 12 MB. Physically writing the file full; Please wait ...
2020-11-11 18:27:11 0 [Note] InnoDB: File 'C:\xampp\mysql\data\ibtmp1' size is now 12 MB.
2020-11-11 18:27:11 0 [Note] InnoDB: Waiting for purge to start
2020-11-11 18:27:11 0 [Note] InnoDB: 10.4.14 started; log sequence number 300767; transaction id 195
2020-11-11 18:27:11 0 [Note] InnoDB: Loading buffer pool(s) from C:\xampp\mysql\data\ib_buffer_pool
2020-11-11 18:27:11 0 [Note] Plugin 'FEEDBACK' is disabled.
2020-11-11 18:27:11 0 [Note] Server socket created on IP: '::'.
2020-11-11 18:27:11 0 [ERROR] Can't start server: Bind on TCP/IP port. Got error: 10048: Normalmente é permitida apenas uma utilização de cada endereço de soquete (protocolo/endereço de rede/porta).

2020-11-11 18:27:11 0 [ERROR] Do you already have another mysqld server running on port: 3306 ?
2020-11-11 18:27:11 0 [ERROR] Aborting
InnoDB: using atomic writes.
2020-11-11 18:30:27 0 [Note] InnoDB: Mutexes and rw_locks use Windows interlocked functions
2020-11-11 18:30:27 0 [Note] InnoDB: Uses event mutexes
2020-11-11 18:30:27 0 [Note] InnoDB: Compressed tables use zlib 1.2.11
2020-11-11 18:30:27 0 [Note] InnoDB: Number of pools: 1
2020-11-11 18:30:27 0 [Note] InnoDB: Using SSE2 crc32 instructions
2020-11-11 18:30:27 0 [Note] InnoDB: Initializing buffer pool, total size = 16M, instances = 1, chunk size = 16M
2020-11-11 18:30:27 0 [Note] InnoDB: Completed initialization of buffer pool
2020-11-11 18:30:27 0 [Note] InnoDB: 128 out of 128 rollback segments are active.
2020-11-11 18:30:27 0 [Note] InnoDB: Creating shared tablespace for temporary tables
2020-11-11 18:30:27 0 [Note] InnoDB: Setting file 'C:\xampp\mysql\data\ibtmp1' size to 12 MB. Physically writing the file full; Please wait ...
2020-11-11 18:30:27 0 [Note] InnoDB: File 'C:\xampp\mysql\data\ibtmp1' size is now 12 MB.
2020-11-11 18:30:27 0 [Note] InnoDB: Waiting for purge to start
2020-11-11 18:30:27 0 [Note] InnoDB: 10.4.14 started; log sequence number 300776; transaction id 195
2020-11-11 18:30:27 0 [Note] InnoDB: Loading buffer pool(s) from C:\xampp\mysql\data\ib_buffer_pool
2020-11-11 18:30:27 0 [Note] Plugin 'FEEDBACK' is disabled.
2020-11-11 18:30:27 0 [Note] Server socket created on IP: '::'.
2020-11-11 18:30:27 0 [ERROR] Can't start server: Bind on TCP/IP port. Got error: 10048: Normalmente é permitida apenas uma utilização de cada endereço de soquete (protocolo/endereço de rede/porta).

2020-11-11 18:30:27 0 [ERROR] Do you already have another mysqld server running on port: 3306 ?
2020-11-11 18:30:27 0 [ERROR] Aborting
InnoDB: using atomic writes.
2020-11-11 18:30:49 0 [Note] InnoDB: Mutexes and rw_locks use Windows interlocked functions
2020-11-11 18:30:49 0 [Note] InnoDB: Uses event mutexes
2020-11-11 18:30:49 0 [Note] InnoDB: Compressed tables use zlib 1.2.11
2020-11-11 18:30:49 0 [Note] InnoDB: Number of pools: 1
2020-11-11 18:30:49 0 [Note] InnoDB: Using SSE2 crc32 instructions
2020-11-11 18:30:49 0 [Note] InnoDB: Initializing buffer pool, total size = 16M, instances = 1, chunk size = 16M
2020-11-11 18:30:49 0 [Note] InnoDB: Completed initialization of buffer pool
2020-11-11 18:30:49 0 [Note] InnoDB: 128 out of 128 rollback segments are active.
2020-11-11 18:30:49 0 [Note] InnoDB: Creating shared tablespace for temporary tables
2020-11-11 18:30:49 0 [Note] InnoDB: Setting file 'C:\xampp\mysql\data\ibtmp1' size to 12 MB. Physically writing the file full; Please wait ...
2020-11-11 18:30:49 0 [Note] InnoDB: File 'C:\xampp\mysql\data\ibtmp1' size is now 12 MB.
2020-11-11 18:30:49 0 [Note] InnoDB: Waiting for purge to start
2020-11-11 18:30:49 0 [Note] InnoDB: 10.4.14 started; log sequence number 300785; transaction id 195
2020-11-11 18:30:49 0 [Note] InnoDB: Loading buffer pool(s) from C:\xampp\mysql\data\ib_buffer_pool
2020-11-11 18:30:49 0 [Note] Plugin 'FEEDBACK' is disabled.
2020-11-11 18:30:49 0 [Note] Server socket created on IP: '::'.
2020-11-11 18:30:49 0 [ERROR] Can't start server: Bind on TCP/IP port. Got error: 10048: Normalmente é permitida apenas uma utilização de cada endereço de soquete (protocolo/endereço de rede/porta).

2020-11-11 18:30:49 0 [ERROR] Do you already have another mysqld server running on port: 3306 ?
2020-11-11 18:30:49 0 [ERROR] Aborting
InnoDB: using atomic writes.
2020-11-11 18:32:08 0 [Note] InnoDB: Mutexes and rw_locks use Windows interlocked functions
2020-11-11 18:32:08 0 [Note] InnoDB: Uses event mutexes
2020-11-11 18:32:08 0 [Note] InnoDB: Compressed tables use zlib 1.2.11
2020-11-11 18:32:08 0 [Note] InnoDB: Number of pools: 1
2020-11-11 18:32:08 0 [Note] InnoDB: Using SSE2 crc32 instructions
2020-11-11 18:32:08 0 [Note] InnoDB: Initializing buffer pool, total size = 16M, instances = 1, chunk size = 16M
2020-11-11 18:32:08 0 [Note] InnoDB: Completed initialization of buffer pool
2020-11-11 18:32:08 0 [Note] InnoDB: 128 out of 128 rollback segments are active.
2020-11-11 18:32:08 0 [Note] InnoDB: Creating shared tablespace for temporary tables
2020-11-11 18:32:08 0 [Note] InnoDB: Setting file 'C:\xampp\mysql\data\ibtmp1' size to 12 MB. Physically writing the file full; Please wait ...
2020-11-11 18:32:08 0 [Note] InnoDB: File 'C:\xampp\mysql\data\ibtmp1' size is now 12 MB.
2020-11-11 18:32:08 0 [Note] InnoDB: Waiting for purge to start
2020-11-11 18:32:08 0 [Note] InnoDB: 10.4.14 started; log sequence number 300794; transaction id 195
2020-11-11 18:32:08 0 [Note] InnoDB: Loading buffer pool(s) from C:\xampp\mysql\data\ib_buffer_pool
2020-11-11 18:32:08 0 [Note] Plugin 'FEEDBACK' is disabled.
2020-11-11 18:32:08 0 [Note] Server socket created on IP: '::'.
InnoDB: using atomic writes.
2020-11-16 13:55:31 0 [Note] InnoDB: Mutexes and rw_locks use Windows interlocked functions
2020-11-16 13:55:31 0 [Note] InnoDB: Uses event mutexes
2020-11-16 13:55:31 0 [Note] InnoDB: Compressed tables use zlib 1.2.11
2020-11-16 13:55:31 0 [Note] InnoDB: Number of pools: 1
2020-11-16 13:55:31 0 [Note] InnoDB: Using SSE2 crc32 instructions
2020-11-16 13:55:31 0 [Note] InnoDB: Initializing buffer pool, total size = 16M, instances = 1, chunk size = 16M
2020-11-16 13:55:31 0 [Note] InnoDB: Completed initialization of buffer pool
2020-11-16 13:55:31 0 [Note] InnoDB: Starting crash recovery from checkpoint LSN=316310
2020-11-16 13:55:32 0 [Note] InnoDB: 128 out of 128 rollback segments are active.
2020-11-16 13:55:32 0 [Note] InnoDB: Removed temporary tablespace data file: "ibtmp1"
2020-11-16 13:55:32 0 [Note] InnoDB: Creating shared tablespace for temporary tables
2020-11-16 13:55:32 0 [Note] InnoDB: Setting file 'C:\xampp\mysql\data\ibtmp1' size to 12 MB. Physically writing the file full; Please wait ...
2020-11-16 13:55:32 0 [Note] InnoDB: File 'C:\xampp\mysql\data\ibtmp1' size is now 12 MB.
2020-11-16 13:55:32 0 [Note] InnoDB: Waiting for purge to start
2020-11-16 13:55:32 0 [Note] InnoDB: 10.4.14 started; log sequence number 316319; transaction id 256
2020-11-16 13:55:32 0 [Note] InnoDB: Loading buffer pool(s) from C:\xampp\mysql\data\ib_buffer_pool
2020-11-16 13:55:32 0 [Note] Plugin 'FEEDBACK' is disabled.
2020-11-16 13:55:32 0 [Note] InnoDB: Buffer pool(s) load completed at 201116 13:55:32
2020-11-16 13:55:32 0 [Note] Server socket created on IP: '::'.
2020-11-16 13:55:32 0 [ERROR] Can't start server: Bind on TCP/IP port. Got error: 10048: Normalmente é permitida apenas uma utilização de cada endereço de soquete (protocolo/endereço de rede/porta).

2020-11-16 13:55:32 0 [ERROR] Do you already have another mysqld server running on port: 3306 ?
2020-11-16 13:55:32 0 [ERROR] Aborting
InnoDB: using atomic writes.
2020-11-16 13:55:54 0 [Note] InnoDB: Mutexes and rw_locks use Windows interlocked functions
2020-11-16 13:55:54 0 [Note] InnoDB: Uses event mutexes
2020-11-16 13:55:54 0 [Note] InnoDB: Compressed tables use zlib 1.2.11
2020-11-16 13:55:54 0 [Note] InnoDB: Number of pools: 1
2020-11-16 13:55:54 0 [Note] InnoDB: Using SSE2 crc32 instructions
2020-11-16 13:55:54 0 [Note] InnoDB: Initializing buffer pool, total size = 16M, instances = 1, chunk size = 16M
2020-11-16 13:55:54 0 [Note] InnoDB: Completed initialization of buffer pool
2020-11-16 13:55:54 0 [Note] InnoDB: 128 out of 128 rollback segments are active.
2020-11-16 13:55:54 0 [Note] InnoDB: Creating shared tablespace for temporary tables
2020-11-16 13:55:54 0 [Note] InnoDB: Setting file 'C:\xampp\mysql\data\ibtmp1' size to 12 MB. Physically writing the file full; Please wait ...
2020-11-16 13:55:54 0 [Note] InnoDB: File 'C:\xampp\mysql\data\ibtmp1' size is now 12 MB.
2020-11-16 13:55:54 0 [Note] InnoDB: Waiting for purge to start
2020-11-16 13:55:54 0 [Note] InnoDB: 10.4.14 started; log sequence number 316328; transaction id 256
2020-11-16 13:55:54 0 [Note] InnoDB: Loading buffer pool(s) from C:\xampp\mysql\data\ib_buffer_pool
2020-11-16 13:55:54 0 [Note] Plugin 'FEEDBACK' is disabled.
2020-11-16 13:55:54 0 [Note] Server socket created on IP: '::'.
InnoDB: using atomic writes.
2020-11-17 16:39:07 0 [Note] InnoDB: Mutexes and rw_locks use Windows interlocked functions
2020-11-17 16:39:07 0 [Note] InnoDB: Uses event mutexes
2020-11-17 16:39:07 0 [Note] InnoDB: Compressed tables use zlib 1.2.11
2020-11-17 16:39:07 0 [Note] InnoDB: Number of pools: 1
2020-11-17 16:39:07 0 [Note] InnoDB: Using SSE2 crc32 instructions
2020-11-17 16:39:07 0 [Note] InnoDB: Initializing buffer pool, total size = 16M, instances = 1, chunk size = 16M
2020-11-17 16:39:07 0 [Note] InnoDB: Completed initialization of buffer pool
2020-11-17 16:39:07 0 [Note] InnoDB: Starting crash recovery from checkpoint LSN=316962
2020-11-17 16:39:07 0 [Note] InnoDB: 128 out of 128 rollback segments are active.
2020-11-17 16:39:07 0 [Note] InnoDB: Removed temporary tablespace data file: "ibtmp1"
2020-11-17 16:39:07 0 [Note] InnoDB: Creating shared tablespace for temporary tables
2020-11-17 16:39:07 0 [Note] InnoDB: Setting file 'C:\xampp\mysql\data\ibtmp1' size to 12 MB. Physically writing the file full; Please wait ...
2020-11-17 16:39:07 0 [Note] InnoDB: File 'C:\xampp\mysql\data\ibtmp1' size is now 12 MB.
2020-11-17 16:39:07 0 [Note] InnoDB: Waiting for purge to start
2020-11-17 16:39:07 0 [Note] InnoDB: 10.4.14 started; log sequence number 316971; transaction id 283
2020-11-17 16:39:07 0 [Note] InnoDB: Loading buffer pool(s) from C:\xampp\mysql\data\ib_buffer_pool
2020-11-17 16:39:07 0 [Note] Plugin 'FEEDBACK' is disabled.
2020-11-17 16:39:07 0 [Note] InnoDB: Buffer pool(s) load completed at 201117 16:39:07
2020-11-17 16:39:07 0 [Note] Server socket created on IP: '::'.
2020-11-17 16:39:07 0 [ERROR] Can't start server: Bind on TCP/IP port. Got error: 10048: Normalmente é permitida apenas uma utilização de cada endereço de soquete (protocolo/endereço de rede/porta).

2020-11-17 16:39:07 0 [ERROR] Do you already have another mysqld server running on port: 3306 ?
2020-11-17 16:39:07 0 [ERROR] Aborting
InnoDB: using atomic writes.
2020-11-17 16:39:28 0 [Note] InnoDB: Mutexes and rw_locks use Windows interlocked functions
2020-11-17 16:39:28 0 [Note] InnoDB: Uses event mutexes
2020-11-17 16:39:28 0 [Note] InnoDB: Compressed tables use zlib 1.2.11
2020-11-17 16:39:28 0 [Note] InnoDB: Number of pools: 1
2020-11-17 16:39:28 0 [Note] InnoDB: Using SSE2 crc32 instructions
2020-11-17 16:39:28 0 [Note] InnoDB: Initializing buffer pool, total size = 16M, instances = 1, chunk size = 16M
2020-11-17 16:39:28 0 [Note] InnoDB: Completed initialization of buffer pool
2020-11-17 16:39:28 0 [Note] InnoDB: 128 out of 128 rollback segments are active.
2020-11-17 16:39:28 0 [Note] InnoDB: Creating shared tablespace for temporary tables
2020-11-17 16:39:28 0 [Note] InnoDB: Setting file 'C:\xampp\mysql\data\ibtmp1' size to 12 MB. Physically writing the file full; Please wait ...
2020-11-17 16:39:28 0 [Note] InnoDB: File 'C:\xampp\mysql\data\ibtmp1' size is now 12 MB.
2020-11-17 16:39:28 0 [Note] InnoDB: Waiting for purge to start
2020-11-17 16:39:28 0 [Note] InnoDB: 10.4.14 started; log sequence number 316980; transaction id 283
2020-11-17 16:39:28 0 [Note] InnoDB: Loading buffer pool(s) from C:\xampp\mysql\data\ib_buffer_pool
2020-11-17 16:39:28 0 [Note] Plugin 'FEEDBACK' is disabled.
2020-11-17 16:39:28 0 [Note] Server socket created on IP: '::'.
InnoDB: using atomic writes.
2020-11-17 19:48:00 0 [Note] InnoDB: Mutexes and rw_locks use Windows interlocked functions
2020-11-17 19:48:00 0 [Note] InnoDB: Uses event mutexes
2020-11-17 19:48:00 0 [Note] InnoDB: Compressed tables use zlib 1.2.11
2020-11-17 19:48:00 0 [Note] InnoDB: Number of pools: 1
2020-11-17 19:48:00 0 [Note] InnoDB: Using SSE2 crc32 instructions
2020-11-17 19:48:00 0 [Note] InnoDB: Initializing buffer pool, total size = 16M, instances = 1, chunk size = 16M
2020-11-17 19:48:00 0 [Note] InnoDB: Completed initialization of buffer pool
2020-11-17 19:48:00 0 [Note] InnoDB: Starting crash recovery from checkpoint LSN=323335
2020-11-17 19:48:00 0 [Note] InnoDB: 128 out of 128 rollback segments are active.
2020-11-17 19:48:00 0 [Note] InnoDB: Removed temporary tablespace data file: "ibtmp1"
2020-11-17 19:48:00 0 [Note] InnoDB: Creating shared tablespace for temporary tables
2020-11-17 19:48:00 0 [Note] InnoDB: Setting file 'C:\xampp\mysql\data\ibtmp1' size to 12 MB. Physically writing the file full; Please wait ...
2020-11-17 19:48:00 0 [Note] InnoDB: File 'C:\xampp\mysql\data\ibtmp1' size is now 12 MB.
2020-11-17 19:48:00 0 [Note] InnoDB: Waiting for purge to start
2020-11-17 19:48:00 0 [Note] InnoDB: 10.4.14 started; log sequence number 323344; transaction id 303
2020-11-17 19:48:00 0 [Note] InnoDB: Loading buffer pool(s) from C:\xampp\mysql\data\ib_buffer_pool
2020-11-17 19:48:00 0 [Note] Plugin 'FEEDBACK' is disabled.
2020-11-17 19:48:00 0 [Note] Server socket created on IP: '::'.
2020-11-17 19:48:00 0 [ERROR] Can't start server: Bind on TCP/IP port. Got error: 10048: Normalmente é permitida apenas uma utilização de cada endereço de soquete (protocolo/endereço de rede/porta).

2020-11-17 19:48:00 0 [ERROR] Do you already have another mysqld server running on port: 3306 ?
2020-11-17 19:48:00 0 [ERROR] Aborting
InnoDB: using atomic writes.
2020-11-17 19:49:46 0 [Note] InnoDB: The first innodb_system data file 'ibdata1' did not exist. A new tablespace will be created!
2020-11-17 19:49:46 0 [Note] InnoDB: Mutexes and rw_locks use Windows interlocked functions
2020-11-17 19:49:46 0 [Note] InnoDB: Uses event mutexes
2020-11-17 19:49:46 0 [Note] InnoDB: Compressed tables use zlib 1.2.11
2020-11-17 19:49:46 0 [Note] InnoDB: Number of pools: 1
2020-11-17 19:49:46 0 [Note] InnoDB: Using SSE2 crc32 instructions
2020-11-17 19:49:46 0 [Note] InnoDB: Initializing buffer pool, total size = 16M, instances = 1, chunk size = 16M
2020-11-17 19:49:46 0 [Note] InnoDB: Completed initialization of buffer pool
2020-11-17 19:49:46 0 [Note] InnoDB: Setting file 'C:\xampp\mysql\data\ibdata1' size to 10 MB. Physically writing the file full; Please wait ...
2020-11-17 19:49:46 0 [Note] InnoDB: File 'C:\xampp\mysql\data\ibdata1' size is now 10 MB.
2020-11-17 19:49:46 0 [Note] InnoDB: Setting log file C:\xampp\mysql\data\ib_logfile101 size to 5242880 bytes
2020-11-17 19:49:46 0 [Note] InnoDB: Setting log file C:\xampp\mysql\data\ib_logfile1 size to 5242880 bytes
2020-11-17 19:49:46 0 [Note] InnoDB: Renaming log file C:\xampp\mysql\data\ib_logfile101 to C:\xampp\mysql\data\ib_logfile0
2020-11-17 19:49:46 0 [Note] InnoDB: New log files created, LSN=11451
2020-11-17 19:49:46 0 [Note] InnoDB: Doublewrite buffer not found: creating new
2020-11-17 19:49:46 0 [Note] InnoDB: Doublewrite buffer created
2020-11-17 19:49:46 0 [Note] InnoDB: 128 out of 128 rollback segments are active.
2020-11-17 19:49:46 0 [Note] InnoDB: Creating foreign key constraint system tables.
2020-11-17 19:49:46 0 [Note] InnoDB: Creating tablespace and datafile system tables.
2020-11-17 19:49:46 0 [Note] InnoDB: Creating sys_virtual system tables.
2020-11-17 19:49:46 0 [Note] InnoDB: Creating shared tablespace for temporary tables
2020-11-17 19:49:46 0 [Note] InnoDB: Setting file 'C:\xampp\mysql\data\ibtmp1' size to 12 MB. Physically writing the file full; Please wait ...
2020-11-17 19:49:46 0 [Note] InnoDB: File 'C:\xampp\mysql\data\ibtmp1' size is now 12 MB.
2020-11-17 19:49:46 0 [Note] InnoDB: Waiting for purge to start
2020-11-17 19:49:47 0 [Note] InnoDB: 10.4.14 started; log sequence number 0; transaction id 7
2020-11-17 19:49:47 0 [Note] Plugin 'FEEDBACK' is disabled.
2020-11-17 19:49:47 0 [Note] Server socket created on IP: '::'.
2020-11-17 19:49:47 0 [ERROR] Can't start server: Bind on TCP/IP port. Got error: 10048: Normalmente é permitida apenas uma utilização de cada endereço de soquete (protocolo/endereço de rede/porta).

2020-11-17 19:49:47 0 [ERROR] Do you already have another mysqld server running on port: 3306 ?
2020-11-17 19:49:47 0 [ERROR] Aborting
InnoDB: using atomic writes.
2020-11-17 19:49:54 0 [Note] InnoDB: Mutexes and rw_locks use Windows interlocked functions
2020-11-17 19:49:54 0 [Note] InnoDB: Uses event mutexes
2020-11-17 19:49:54 0 [Note] InnoDB: Compressed tables use zlib 1.2.11
2020-11-17 19:49:54 0 [Note] InnoDB: Number of pools: 1
2020-11-17 19:49:54 0 [Note] InnoDB: Using SSE2 crc32 instructions
2020-11-17 19:49:54 0 [Note] InnoDB: Initializing buffer pool, total size = 16M, instances = 1, chunk size = 16M
2020-11-17 19:49:54 0 [Note] InnoDB: Completed initialization of buffer pool
2020-11-17 19:49:54 0 [Note] InnoDB: 128 out of 128 rollback segments are active.
2020-11-17 19:49:54 0 [Note] InnoDB: Creating shared tablespace for temporary tables
2020-11-17 19:49:54 0 [Note] InnoDB: Setting file 'C:\xampp\mysql\data\ibtmp1' size to 12 MB. Physically writing the file full; Please wait ...
2020-11-17 19:49:54 0 [Note] InnoDB: File 'C:\xampp\mysql\data\ibtmp1' size is now 12 MB.
2020-11-17 19:49:54 0 [Note] InnoDB: Waiting for purge to start
2020-11-17 19:49:54 0 [Note] InnoDB: 10.4.14 started; log sequence number 47054; transaction id 9
2020-11-17 19:49:54 0 [Note] InnoDB: Loading buffer pool(s) from C:\xampp\mysql\data\ib_buffer_pool
2020-11-17 19:49:54 0 [Note] Plugin 'FEEDBACK' is disabled.
2020-11-17 19:49:54 0 [Note] InnoDB: Buffer pool(s) load completed at 201117 19:49:54
2020-11-17 19:49:54 0 [Note] Server socket created on IP: '::'.
2020-11-17 19:49:54 0 [ERROR] Can't start server: Bind on TCP/IP port. Got error: 10048: Normalmente é permitida apenas uma utilização de cada endereço de soquete (protocolo/endereço de rede/porta).

2020-11-17 19:49:54 0 [ERROR] Do you already have another mysqld server running on port: 3306 ?
2020-11-17 19:49:54 0 [ERROR] Aborting
InnoDB: using atomic writes.
2020-11-18 11:36:41 0 [Note] InnoDB: Mutexes and rw_locks use Windows interlocked functions
2020-11-18 11:36:41 0 [Note] InnoDB: Uses event mutexes
2020-11-18 11:36:41 0 [Note] InnoDB: Compressed tables use zlib 1.2.11
2020-11-18 11:36:41 0 [Note] InnoDB: Number of pools: 1
2020-11-18 11:36:41 0 [Note] InnoDB: Using SSE2 crc32 instructions
2020-11-18 11:36:41 0 [Note] InnoDB: Initializing buffer pool, total size = 16M, instances = 1, chunk size = 16M
2020-11-18 11:36:41 0 [Note] InnoDB: Completed initialization of buffer pool
2020-11-18 11:36:41 0 [Note] InnoDB: 128 out of 128 rollback segments are active.
2020-11-18 11:36:41 0 [Note] InnoDB: Creating shared tablespace for temporary tables
2020-11-18 11:36:41 0 [Note] InnoDB: Setting file 'C:\xampp\mysql\data\ibtmp1' size to 12 MB. Physically writing the file full; Please wait ...
2020-11-18 11:36:41 0 [Note] InnoDB: File 'C:\xampp\mysql\data\ibtmp1' size is now 12 MB.
2020-11-18 11:36:41 0 [Note] InnoDB: Waiting for purge to start
2020-11-18 11:36:41 0 [Note] InnoDB: 10.4.14 started; log sequence number 47063; transaction id 9
2020-11-18 11:36:41 0 [Note] InnoDB: Loading buffer pool(s) from C:\xampp\mysql\data\ib_buffer_pool
2020-11-18 11:36:41 0 [Note] Plugin 'FEEDBACK' is disabled.
2020-11-18 11:36:41 0 [Note] InnoDB: Buffer pool(s) load completed at 201118 11:36:41
2020-11-18 11:36:41 0 [Note] Server socket created on IP: '::'.
InnoDB: using atomic writes.
2020-11-21 16:17:16 0 [Note] InnoDB: Mutexes and rw_locks use Windows interlocked functions
2020-11-21 16:17:16 0 [Note] InnoDB: Uses event mutexes
2020-11-21 16:17:16 0 [Note] InnoDB: Compressed tables use zlib 1.2.11
2020-11-21 16:17:16 0 [Note] InnoDB: Number of pools: 1
2020-11-21 16:17:16 0 [Note] InnoDB: Using SSE2 crc32 instructions
2020-11-21 16:17:16 0 [Note] InnoDB: Initializing buffer pool, total size = 16M, instances = 1, chunk size = 16M
2020-11-21 16:17:16 0 [Note] InnoDB: Completed initialization of buffer pool
2020-11-21 16:17:16 0 [Note] InnoDB: Starting crash recovery from checkpoint LSN=223680
2020-11-21 16:17:16 0 [Note] InnoDB: 128 out of 128 rollback segments are active.
2020-11-21 16:17:16 0 [Note] InnoDB: Removed temporary tablespace data file: "ibtmp1"
2020-11-21 16:17:16 0 [Note] InnoDB: Creating shared tablespace for temporary tables
2020-11-21 16:17:16 0 [Note] InnoDB: Setting file 'C:\xampp\mysql\data\ibtmp1' size to 12 MB. Physically writing the file full; Please wait ...
2020-11-21 16:17:16 0 [Note] InnoDB: File 'C:\xampp\mysql\data\ibtmp1' size is now 12 MB.
2020-11-21 16:17:16 0 [Note] InnoDB: Waiting for purge to start
2020-11-21 16:17:16 0 [Note] InnoDB: 10.4.14 started; log sequence number 223689; transaction id 241
2020-11-21 16:17:16 0 [Note] InnoDB: Loading buffer pool(s) from C:\xampp\mysql\data\ib_buffer_pool
2020-11-21 16:17:16 0 [Note] Plugin 'FEEDBACK' is disabled.
2020-11-21 16:17:16 0 [Note] InnoDB: Buffer pool(s) load completed at 201121 16:17:16
2020-11-21 16:17:16 0 [Note] Server socket created on IP: '::'.
InnoDB: using atomic writes.
2020-11-21 16:24:03 0 [Note] InnoDB: Mutexes and rw_locks use Windows interlocked functions
2020-11-21 16:24:03 0 [Note] InnoDB: Uses event mutexes
2020-11-21 16:24:03 0 [Note] InnoDB: Compressed tables use zlib 1.2.11
2020-11-21 16:24:03 0 [Note] InnoDB: Number of pools: 1
2020-11-21 16:24:03 0 [Note] InnoDB: Using SSE2 crc32 instructions
2020-11-21 16:24:03 0 [Note] InnoDB: Initializing buffer pool, total size = 16M, instances = 1, chunk size = 16M
2020-11-21 16:24:03 0 [Note] InnoDB: Completed initialization of buffer pool
2020-11-21 16:24:03 0 [Note] InnoDB: Starting crash recovery from checkpoint LSN=223698
2020-11-21 16:24:03 0 [Note] InnoDB: 128 out of 128 rollback segments are active.
2020-11-21 16:24:03 0 [Note] InnoDB: Removed temporary tablespace data file: "ibtmp1"
2020-11-21 16:24:03 0 [Note] InnoDB: Creating shared tablespace for temporary tables
2020-11-21 16:24:03 0 [Note] InnoDB: Setting file 'C:\xampp\mysql\data\ibtmp1' size to 12 MB. Physically writing the file full; Please wait ...
2020-11-21 16:24:03 0 [Note] InnoDB: File 'C:\xampp\mysql\data\ibtmp1' size is now 12 MB.
2020-11-21 16:24:03 0 [Note] InnoDB: Waiting for purge to start
2020-11-21 16:24:03 0 [Note] InnoDB: 10.4.14 started; log sequence number 223707; transaction id 241
2020-11-21 16:24:03 0 [Note] InnoDB: Loading buffer pool(s) from C:\xampp\mysql\data\ib_buffer_pool
2020-11-21 16:24:03 0 [Note] Plugin 'FEEDBACK' is disabled.
2020-11-21 16:24:03 0 [Note] InnoDB: Buffer pool(s) load completed at 201121 16:24:03
2020-11-21 16:24:03 0 [Note] Server socket created on IP: '::'.
2020-11-21 16:24:03 0 [ERROR] Can't start server: Bind on TCP/IP port. Got error: 10048: Normalmente é permitida apenas uma utilização de cada endereço de soquete (protocolo/endereço de rede/porta).

2020-11-21 16:24:03 0 [ERROR] Do you already have another mysqld server running on port: 3306 ?
2020-11-21 16:24:03 0 [ERROR] Aborting
InnoDB: using atomic writes.
2020-11-21 16:24:23 0 [Note] InnoDB: Mutexes and rw_locks use Windows interlocked functions
2020-11-21 16:24:23 0 [Note] InnoDB: Uses event mutexes
2020-11-21 16:24:23 0 [Note] InnoDB: Compressed tables use zlib 1.2.11
2020-11-21 16:24:23 0 [Note] InnoDB: Number of pools: 1
2020-11-21 16:24:23 0 [Note] InnoDB: Using SSE2 crc32 instructions
2020-11-21 16:24:23 0 [Note] InnoDB: Initializing buffer pool, total size = 16M, instances = 1, chunk size = 16M
2020-11-21 16:24:23 0 [Note] InnoDB: Completed initialization of buffer pool
2020-11-21 16:24:23 0 [Note] InnoDB: 128 out of 128 rollback segments are active.
2020-11-21 16:24:23 0 [Note] InnoDB: Creating shared tablespace for temporary tables
2020-11-21 16:24:23 0 [Note] InnoDB: Setting file 'C:\xampp\mysql\data\ibtmp1' size to 12 MB. Physically writing the file full; Please wait ...
2020-11-21 16:24:23 0 [Note] InnoDB: File 'C:\xampp\mysql\data\ibtmp1' size is now 12 MB.
2020-11-21 16:24:23 0 [Note] InnoDB: Waiting for purge to start
2020-11-21 16:24:23 0 [Note] InnoDB: 10.4.14 started; log sequence number 223716; transaction id 241
2020-11-21 16:24:23 0 [Note] InnoDB: Loading buffer pool(s) from C:\xampp\mysql\data\ib_buffer_pool
2020-11-21 16:24:23 0 [Note] Plugin 'FEEDBACK' is disabled.
2020-11-21 16:24:23 0 [Note] InnoDB: Buffer pool(s) load completed at 201121 16:24:23
2020-11-21 16:24:23 0 [Note] Server socket created on IP: '::'.
